# JRE version: Java(TM) SE Runtime Environment (8.0_201-b09) (build 1.8.0_201-b09)
# Java VM: Java HotSpot(TM) 64-Bit Server VM (25.201-b09 mixed mode windows-amd64 compressed oops)
Heap:
 PSYoungGen      total 244224K, used 205808K [0x00000000d5c00000, 0x00000000e5b00000, 0x0000000100000000)
  eden space 228352K, 90% used [0x00000000d5c00000,0x00000000e24fc390,0x00000000e3b00000)
  from space 15872K, 0% used [0x00000000e4b80000,0x00000000e4b80000,0x00000000e5b00000)
  to   space 16384K, 0% used [0x00000000e3b00000,0x00000000e3b00000,0x00000000e4b00000)
 ParOldGen       total 82944K, used 21842K [0x0000000081400000, 0x0000000086500000, 0x00000000d5c00000)
  object space 82944K, 26% used [0x0000000081400000,0x0000000082954bc0,0x0000000086500000)
 Metaspace       used 52372K, capacity 55582K, committed 55936K, reserved 1097728K
  class space    used 6855K, capacity 7446K, committed 7552K, reserved 1048576K
GC Heap History (10 events):
Event: 118.592 GC heap before
{Heap before GC invocations=12 (full 2):
 PSYoungGen      total 199168K, used 199161K [0x00000000d5c00000, 0x00000000e5f80000, 0x0000000100000000)
  eden space 186880K, 100% used [0x00000000d5c00000,0x00000000e1280000,0x00000000e1280000)
  from space 12288K, 99% used [0x00000000e1280000,0x00000000e1e7e600,0x00000000e1e80000)
  to   space 14848K, 0% used [0x00000000e5100000,0x00000000e5100000,0x00000000e5f80000)
 ParOldGen       total 82944K, used 17327K [0x0000000081400000, 0x0000000086500000, 0x00000000d5c00000)
  object space 82944K, 20% used [0x0000000081400000,0x00000000824ebc38,0x0000000086500000)
 Metaspace       used 49504K, capacity 52304K, committed 52608K, reserved 1095680K
  class space    used 6524K, capacity 7039K, committed 7040K, reserved 1048576K
Event: 118.605 GC heap after
Heap after GC invocations=12 (full 2):
 PSYoungGen      total 242176K, used 13643K [0x00000000d5c00000, 0x00000000e5e80000, 0x0000000100000000)
  eden space 228352K, 0% used [0x00000000d5c00000,0x00000000d5c00000,0x00000000e3b00000)
  from space 13824K, 98% used [0x00000000e5100000,0x00000000e5e52f70,0x00000000e5e80000)
  to   space 16384K, 0% used [0x00000000e3e80000,0x00000000e3e80000,0x00000000e4e80000)
 ParOldGen       total 82944K, used 17335K [0x0000000081400000, 0x0000000086500000, 0x00000000d5c00000)
  object space 82944K, 20% used [0x0000000081400000,0x00000000824edc38,0x0000000086500000)
 Metaspace       used 49504K, capacity 52304K, committed 52608K, reserved 1095680K
  class space    used 6524K, capacity 7039K, committed 7040K, reserved 1048576K
}
Event: 450.691 GC heap before
{Heap before GC invocations=13 (full 2):
 PSYoungGen      total 242176K, used 127454K [0x00000000d5c00000, 0x00000000e5e80000, 0x0000000100000000)
  eden space 228352K, 49% used [0x00000000d5c00000,0x00000000dcb24c08,0x00000000e3b00000)
  from space 13824K, 98% used [0x00000000e5100000,0x00000000e5e52f70,0x00000000e5e80000)
  to   space 16384K, 0% used [0x00000000e3e80000,0x00000000e3e80000,0x00000000e4e80000)
 ParOldGen       total 82944K, used 17335K [0x0000000081400000, 0x0000000086500000, 0x00000000d5c00000)
  object space 82944K, 20% used [0x0000000081400000,0x00000000824edc38,0x0000000086500000)
 Metaspace       used 51519K, capacity 54514K, committed 54784K, reserved 1097728K
  class space    used 6766K, capacity 7325K, committed 7424K, reserved 1048576K
Event: 450.707 GC heap after
Heap after GC invocations=13 (full 2):
 PSYoungGen      total 240128K, used 11654K [0x00000000d5c00000, 0x00000000e5c00000, 0x0000000100000000)
  eden space 228352K, 0% used [0x00000000d5c00000,0x00000000d5c00000,0x00000000e3b00000)
  from space 11776K, 98% used [0x00000000e3e80000,0x00000000e49e1af8,0x00000000e4a00000)
  to   space 16896K, 0% used [0x00000000e4b80000,0x00000000e4b80000,0x00000000e5c00000)
 ParOldGen       total 82944K, used 17343K [0x0000000081400000, 0x0000000086500000, 0x00000000d5c00000)
  object space 82944K, 20% used [0x0000000081400000,0x00000000824efc38,0x0000000086500000)
 Metaspace       used 51519K, capacity 54514K, committed 54784K, reserved 1097728K
  class space    used 6766K, capacity 7325K, committed 7424K, reserved 1048576K
}
Event: 450.707 GC heap before
{Heap before GC invocations=14 (full 3):
 PSYoungGen      total 240128K, used 11654K [0x00000000d5c00000, 0x00000000e5c00000, 0x0000000100000000)
  eden space 228352K, 0% used [0x00000000d5c00000,0x00000000d5c00000,0x00000000e3b00000)
  from space 11776K, 98% used [0x00000000e3e80000,0x00000000e49e1af8,0x00000000e4a00000)
  to   space 16896K, 0% used [0x00000000e4b80000,0x00000000e4b80000,0x00000000e5c00000)
 ParOldGen       total 82944K, used 17343K [0x0000000081400000, 0x0000000086500000, 0x00000000d5c00000)
  object space 82944K, 20% used [0x0000000081400000,0x00000000824efc38,0x0000000086500000)
 Metaspace       used 51519K, capacity 54514K, committed 54784K, reserved 1097728K
  class space    used 6766K, capacity 7325K, committed 7424K, reserved 1048576K
Event: 450.896 GC heap after
Heap after GC invocations=14 (full 3):
 PSYoungGen      total 240128K, used 0K [0x00000000d5c00000, 0x00000000e5c00000, 0x0000000100000000)
  eden space 228352K, 0% used [0x00000000d5c00000,0x00000000d5c00000,0x00000000e3b00000)
  from space 11776K, 0% used [0x00000000e3e80000,0x00000000e3e80000,0x00000000e4a00000)
  to   space 16896K, 0% used [0x00000000e4b80000,0x00000000e4b80000,0x00000000e5c00000)
 ParOldGen       total 82944K, used 21113K [0x0000000081400000, 0x0000000086500000, 0x00000000d5c00000)
  object space 82944K, 25% used [0x0000000081400000,0x000000008289e780,0x0000000086500000)
 Metaspace       used 51512K, capacity 54490K, committed 54784K, reserved 1097728K
  class space    used 6763K, capacity 7321K, committed 7424K, reserved 1048576K
}
Event: 1088.170 GC heap before
{Heap before GC invocations=15 (full 3):
 PSYoungGen      total 240128K, used 222126K [0x00000000d5c00000, 0x00000000e5c00000, 0x0000000100000000)
  eden space 228352K, 97% used [0x00000000d5c00000,0x00000000e34ebbc8,0x00000000e3b00000)
  from space 11776K, 0% used [0x00000000e3e80000,0x00000000e3e80000,0x00000000e4a00000)
  to   space 16896K, 0% used [0x00000000e4b80000,0x00000000e4b80000,0x00000000e5c00000)
 ParOldGen       total 82944K, used 21113K [0x0000000081400000, 0x0000000086500000, 0x00000000d5c00000)
  object space 82944K, 25% used [0x0000000081400000,0x000000008289e780,0x0000000086500000)
 Metaspace       used 52022K, capacity 55148K, committed 55296K, reserved 1097728K
  class space    used 6817K, capacity 7387K, committed 7424K, reserved 1048576K
Event: 1088.184 GC heap after
Heap after GC invocations=15 (full 3):
 PSYoungGen      total 244224K, used 5802K [0x00000000d5c00000, 0x00000000e5b00000, 0x0000000100000000)
  eden space 228352K, 0% used [0x00000000d5c00000,0x00000000d5c00000,0x00000000e3b00000)
  from space 15872K, 36% used [0x00000000e4b80000,0x00000000e512a840,0x00000000e5b00000)
  to   space 16384K, 0% used [0x00000000e3b00000,0x00000000e3b00000,0x00000000e4b00000)
 ParOldGen       total 82944K, used 21121K [0x0000000081400000, 0x0000000086500000, 0x00000000d5c00000)
  object space 82944K, 25% used [0x0000000081400000,0x00000000828a0780,0x0000000086500000)
 Metaspace       used 52022K, capacity 55148K, committed 55296K, reserved 1097728K
  class space    used 6817K, capacity 7387K, committed 7424K, reserved 1048576K
}
Event: 1088.184 GC heap before
{Heap before GC invocations=16 (full 4):
 PSYoungGen      total 244224K, used 5802K [0x00000000d5c00000, 0x00000000e5b00000, 0x0000000100000000)
  eden space 228352K, 0% used [0x00000000d5c00000,0x00000000d5c00000,0x00000000e3b00000)
  from space 15872K, 36% used [0x00000000e4b80000,0x00000000e512a840,0x00000000e5b00000)
  to   space 16384K, 0% used [0x00000000e3b00000,0x00000000e3b00000,0x00000000e4b00000)
 ParOldGen       total 82944K, used 21121K [0x0000000081400000, 0x0000000086500000, 0x00000000d5c00000)
  object space 82944K, 25% used [0x0000000081400000,0x00000000828a0780,0x0000000086500000)
 Metaspace       used 52022K, capacity 55148K, committed 55296K, reserved 1097728K
  class space    used 6817K, capacity 7387K, committed 7424K, reserved 1048576K
Event: 1088.411 GC heap after
Heap after GC invocations=16 (full 4):
 PSYoungGen      total 244224K, used 0K [0x00000000d5c00000, 0x00000000e5b00000, 0x0000000100000000)
  eden space 228352K, 0% used [0x00000000d5c00000,0x00000000d5c00000,0x00000000e3b00000)
  from space 15872K, 0% used [0x00000000e4b80000,0x00000000e4b80000,0x00000000e5b00000)
  to   space 16384K, 0% used [0x00000000e3b00000,0x00000000e3b00000,0x00000000e4b00000)
 ParOldGen       total 82944K, used 21842K [0x0000000081400000, 0x0000000086500000, 0x00000000d5c00000)
  object space 82944K, 26% used [0x0000000081400000,0x0000000082954bc0,0x0000000086500000)
 Metaspace       used 52022K, capacity 55148K, committed 55296K, reserved 1097728K
  class space    used 6817K, capacity 7387K, committed 7424K, reserved 1048576K
}

